 jmax=  101 nmax= 3000 tmax= 9999.00
 s=0.100 alpha= 0.100E-02 dt= 0.100E-01 dx= 0.100E-01


 FTCS (Explicit) Scheme, s=0.100


 Numerical at Time=   0. Temp=  0.00  0.20  0.40  0.60  0.80  1.00  0.80  0.60  0.40  0.20  0.00
 Analytical at Time=   0. Temp=  0.00  0.20  0.40  0.60  0.80  1.00  0.80  0.60  0.40  0.20 -0.00
 --
 Numerical at Time=   1. Temp=  0.00  0.20  0.40  0.60  0.80  0.93  0.80  0.60  0.40  0.20  0.00
 Analytical at Time=   1. Temp=  0.00  0.20  0.40  0.60  0.80  0.93  0.80  0.60  0.40  0.20 -0.00
 --
 Numerical at Time=   2. Temp=  0.00  0.20  0.40  0.60  0.79  0.89  0.79  0.60  0.40  0.20  0.00
 Analytical at Time=   2. Temp=  0.00  0.20  0.40  0.60  0.79  0.90  0.79  0.60  0.40  0.20 -0.00
 --
 Numerical at Time=   3. Temp=  0.00  0.20  0.40  0.60  0.78  0.87  0.78  0.60  0.40  0.20  0.00
 Analytical at Time=   3. Temp=  0.00  0.20  0.40  0.60  0.79  0.88  0.79  0.60  0.40  0.20 -0.00
 --
 Numerical at Time=   4. Temp=  0.00  0.20  0.40  0.60  0.77  0.85  0.77  0.60  0.40  0.20  0.00
 Analytical at Time=   4. Temp=  0.00  0.20  0.40  0.60  0.78  0.86  0.78  0.60  0.40  0.20 -0.00
 --
 Numerical at Time=   5. Temp=  0.00  0.20  0.40  0.60  0.76  0.83  0.76  0.60  0.40  0.20  0.00
 Analytical at Time=   5. Temp=  0.00  0.20  0.40  0.60  0.77  0.84  0.77  0.60  0.40  0.20 -0.00
 --
 Numerical at Time=   6. Temp=  0.00  0.20  0.40  0.59  0.75  0.82  0.75  0.59  0.40  0.20  0.00
 Analytical at Time=   6. Temp=  0.00  0.20  0.40  0.59  0.76  0.83  0.76  0.59  0.40  0.20 -0.00
 --
 Numerical at Time=   7. Temp=  0.00  0.20  0.40  0.59  0.74  0.80  0.74  0.59  0.40  0.20  0.00
 Analytical at Time=   7. Temp=  0.00  0.20  0.40  0.59  0.75  0.81  0.75  0.59  0.40  0.20 -0.00
 --
 Numerical at Time=   8. Temp=  0.00  0.20  0.40  0.58  0.73  0.79  0.73  0.58  0.40  0.20  0.00
 Analytical at Time=   8. Temp=  0.00  0.20  0.40  0.59  0.74  0.80  0.74  0.59  0.40  0.20 -0.00
 --
 Numerical at Time=   9. Temp=  0.00  0.20  0.40  0.58  0.72  0.77  0.72  0.58  0.40  0.20  0.00
 Analytical at Time=   9. Temp=  0.00  0.20  0.40  0.58  0.73  0.79  0.73  0.58  0.40  0.20 -0.00
 --
 Numerical at Time=  10. Temp=  0.00  0.20  0.40  0.58  0.71  0.76  0.71  0.57  0.39  0.20  0.00
 Analytical at Time=  10. Temp=  0.00  0.20  0.40  0.58  0.72  0.77  0.72  0.58  0.40  0.20 -0.00
 --
 Numerical at Time=  11. Temp=  0.00  0.20  0.39  0.57  0.70  0.75  0.70  0.57  0.39  0.20  0.00
 Analytical at Time=  11. Temp=  0.00  0.20  0.40  0.58  0.71  0.76  0.71  0.58  0.40  0.20 -0.00
 --
 Numerical at Time=  12. Temp=  0.00  0.20  0.39  0.57  0.69  0.74  0.69  0.56  0.39  0.20  0.00
 Analytical at Time=  12. Temp=  0.00  0.20  0.39  0.57  0.70  0.75  0.70  0.57  0.39  0.20 -0.00
 --
 Numerical at Time=  13. Temp=  0.00  0.20  0.39  0.56  0.68  0.73  0.68  0.56  0.39  0.20  0.00
 Analytical at Time=  13. Temp=  0.00  0.20  0.39  0.57  0.69  0.74  0.69  0.57  0.39  0.20 -0.00
 --
 Numerical at Time=  14. Temp=  0.00  0.20  0.39  0.56  0.68  0.72  0.67  0.55  0.39  0.20  0.00
 Analytical at Time=  14. Temp=  0.00  0.20  0.39  0.56  0.69  0.73  0.69  0.56  0.39  0.20 -0.00
 --
 Numerical at Time=  15. Temp=  0.00  0.20  0.39  0.55  0.67  0.71  0.67  0.55  0.38  0.20  0.00
 Analytical at Time=  15. Temp=  0.00  0.20  0.39  0.56  0.68  0.72  0.68  0.56  0.39  0.20 -0.00
 --
 Numerical at Time=  16. Temp=  0.00  0.20  0.38  0.54  0.66  0.70  0.66  0.54  0.38  0.20  0.00
 Analytical at Time=  16. Temp=  0.00  0.20  0.39  0.55  0.67  0.71  0.67  0.55  0.39  0.20 -0.00
 --
 Numerical at Time=  17. Temp=  0.00  0.19  0.38  0.54  0.65  0.69  0.65  0.54  0.38  0.19  0.00
 Analytical at Time=  17. Temp=  0.00  0.20  0.38  0.55  0.66  0.71  0.66  0.55  0.38  0.20 -0.00
 --
 Numerical at Time=  18. Temp=  0.00  0.19  0.38  0.53  0.64  0.68  0.64  0.53  0.38  0.19  0.00
 Analytical at Time=  18. Temp=  0.00  0.20  0.38  0.54  0.66  0.70  0.66  0.54  0.38  0.20 -0.00
 --
 Numerical at Time=  19. Temp=  0.00  0.19  0.37  0.53  0.63  0.67  0.63  0.53  0.37  0.19  0.00
 Analytical at Time=  19. Temp=  0.00  0.19  0.38  0.54  0.65  0.69  0.65  0.54  0.38  0.19 -0.00
 --
 Numerical at Time=  20. Temp=  0.00  0.19  0.37  0.52  0.63  0.66  0.63  0.52  0.37  0.19  0.00
 Analytical at Time=  20. Temp=  0.00  0.19  0.38  0.53  0.64  0.68  0.64  0.53  0.38  0.19 -0.00
 --
 Numerical at Time=  21. Temp=  0.00  0.19  0.37  0.52  0.62  0.66  0.62  0.52  0.37  0.19  0.00
 Analytical at Time=  21. Temp=  0.00  0.19  0.37  0.53  0.63  0.67  0.63  0.53  0.37  0.19 -0.00
 --
 Numerical at Time=  22. Temp=  0.00  0.19  0.37  0.51  0.61  0.65  0.61  0.51  0.36  0.19  0.00
 Analytical at Time=  22. Temp=  0.00  0.19  0.37  0.52  0.63  0.67  0.63  0.52  0.37  0.19 -0.00
 --
 Numerical at Time=  23. Temp=  0.00  0.19  0.36  0.51  0.60  0.64  0.60  0.51  0.36  0.19  0.00
 Analytical at Time=  23. Temp=  0.00  0.19  0.37  0.52  0.62  0.66  0.62  0.52  0.37  0.19 -0.00
 --
 Numerical at Time=  24. Temp=  0.00  0.19  0.36  0.50  0.60  0.63  0.60  0.50  0.36  0.19  0.00
 Analytical at Time=  24. Temp=  0.00  0.19  0.37  0.51  0.61  0.65  0.61  0.51  0.37  0.19 -0.00
 --
 Numerical at Time=  25. Temp=  0.00  0.18  0.36  0.50  0.59  0.62  0.59  0.50  0.35  0.18  0.00
 Analytical at Time=  25. Temp=  0.00  0.19  0.36  0.51  0.61  0.64  0.61  0.51  0.36  0.19 -0.00
 --
 Numerical at Time=  26. Temp=  0.00  0.18  0.35  0.49  0.58  0.62  0.58  0.49  0.35  0.18  0.00
 Analytical at Time=  26. Temp=  0.00  0.19  0.36  0.50  0.60  0.64  0.60  0.50  0.36  0.19 -0.00
 --
 Numerical at Time=  27. Temp=  0.00  0.18  0.35  0.49  0.58  0.61  0.58  0.49  0.35  0.18  0.00
 Analytical at Time=  27. Temp=  0.00  0.19  0.36  0.50  0.60  0.63  0.60  0.50  0.36  0.19 -0.00
 --
 Numerical at Time=  28. Temp=  0.00  0.18  0.35  0.48  0.57  0.60  0.57  0.48  0.34  0.18  0.00
 Analytical at Time=  28. Temp=  0.00  0.18  0.35  0.50  0.59  0.62  0.59  0.50  0.35  0.18 -0.00
 --
 Numerical at Time=  29. Temp=  0.00  0.18  0.34  0.48  0.56  0.60  0.56  0.48  0.34  0.18  0.00
 Analytical at Time=  29. Temp=  0.00  0.18  0.35  0.49  0.58  0.62  0.58  0.49  0.35  0.18 -0.00
 --
 Numerical at Time=  30. Temp=  0.00  0.18  0.34  0.47  0.56  0.59  0.56  0.47  0.34  0.18  0.00
 Analytical at Time=  30. Temp=  0.00  0.18  0.35  0.49  0.58  0.61  0.58  0.49  0.35  0.18 -0.00
Number of output time steps =   31
