 jmax=  101 nmax= 3000 tmax= 9999.00
 s=0.500 alpha= 0.100E-02 dt= 0.500E-01 dx= 0.100E-01


 FTCS (Explicit) Scheme, s=0.500


 Time=   0. Temp=  0.00  0.20  0.40  0.60  0.80  1.00  0.80  0.60  0.40  0.20  0.00
 Time=   5. Temp=  0.00  0.20  0.40  0.58  0.72  0.77  0.72  0.58  0.39  0.20  0.00
 Time=  10. Temp=  0.00  0.20  0.38  0.54  0.65  0.68  0.64  0.53  0.37  0.19  0.00
 Time=  15. Temp=  0.00  0.18  0.35  0.49  0.58  0.61  0.57  0.48  0.34  0.18  0.00
 Time=  20. Temp=  0.00  0.17  0.32  0.45  0.52  0.55  0.52  0.44  0.31  0.16  0.00
 Time=  25. Temp=  0.00  0.15  0.29  0.40  0.47  0.50  0.47  0.40  0.29  0.15  0.00
 Time=  30. Temp=  0.00  0.14  0.27  0.37  0.43  0.45  0.42  0.36  0.26  0.14  0.00
 Time=  35. Temp=  0.00  0.13  0.24  0.33  0.39  0.41  0.38  0.33  0.24  0.12  0.00
 Time=  40. Temp=  0.00  0.12  0.22  0.30  0.35  0.37  0.35  0.29  0.21  0.11  0.00
 Time=  45. Temp=  0.00  0.11  0.20  0.27  0.32  0.33  0.32  0.27  0.19  0.10  0.00
 Time=  50. Temp=  0.00  0.10  0.18  0.25  0.29  0.30  0.29  0.24  0.17  0.09  0.00
 Time=  55. Temp=  0.00  0.09  0.16  0.22  0.26  0.27  0.26  0.22  0.16  0.08  0.00
 Time=  60. Temp=  0.00  0.08  0.15  0.20  0.24  0.25  0.23  0.20  0.14  0.08  0.00
 Time=  65. Temp=  0.00  0.07  0.13  0.18  0.21  0.22  0.21  0.18  0.13  0.07  0.00
 Time=  70. Temp=  0.00  0.06  0.12  0.17  0.19  0.20  0.19  0.16  0.12  0.06  0.00
 Time=  75. Temp=  0.00  0.06  0.11  0.15  0.18  0.18  0.17  0.15  0.11  0.06  0.00
 Time=  80. Temp=  0.00  0.05  0.10  0.14  0.16  0.17  0.16  0.13  0.10  0.05  0.00
 Time=  85. Temp=  0.00  0.05  0.09  0.12  0.14  0.15  0.14  0.12  0.09  0.05  0.00
 Time=  90. Temp=  0.00  0.04  0.08  0.11  0.13  0.14  0.13  0.11  0.08  0.04  0.00
 Time=  95. Temp=  0.00  0.04  0.07  0.10  0.12  0.12  0.12  0.10  0.07  0.04  0.00
 Time= 100. Temp=  0.00  0.04  0.07  0.09  0.11  0.11  0.11  0.09  0.07  0.03  0.00
 Time= 105. Temp=  0.00  0.03  0.06  0.08  0.10  0.10  0.10  0.08  0.06  0.03  0.00
 Time= 110. Temp=  0.00  0.03  0.06  0.08  0.09  0.09  0.09  0.07  0.05  0.03  0.00
 Time= 115. Temp=  0.00  0.03  0.05  0.07  0.08  0.08  0.08  0.07  0.05  0.03  0.00
 Time= 120. Temp=  0.00  0.02  0.05  0.06  0.07  0.08  0.07  0.06  0.04  0.02  0.00
 Time= 125. Temp=  0.00  0.02  0.04  0.06  0.07  0.07  0.07  0.06  0.04  0.02  0.00
 Time= 130. Temp=  0.00  0.02  0.04  0.05  0.06  0.06  0.06  0.05  0.04  0.02  0.00
 Time= 135. Temp=  0.00  0.02  0.03  0.05  0.05  0.06  0.05  0.05  0.03  0.02  0.00
 Time= 140. Temp=  0.00  0.02  0.03  0.04  0.05  0.05  0.05  0.04  0.03  0.02  0.00
 Time= 145. Temp=  0.00  0.01  0.03  0.04  0.04  0.05  0.04  0.04  0.03  0.01  0.00
 Time= 150. Temp=  0.00  0.01  0.03  0.03  0.04  0.04  0.04  0.03  0.02  0.01  0.00
Number of output time steps =   32
